<?xml version="1.0" encoding="UTF-8"?>
<!-- Generated by org.testng.reporters.JUnitReportReporter -->
<testsuite hostname="DESKTOP-48ME6A4" failures="0" tests="2" name="testcases.LoginTest" time="31.072" errors="0" timestamp="06 Oct 2024 15:12:58 GMT" skipped="0">
  <testcase classname="testcases.LoginTest" name="TC01_LoginFailureTest" time="13.807"/>
  <testcase classname="testcases.LoginTest" name="TC02_LoginSuccessTest" time="17.265"/>
</testsuite> <!-- testcases.LoginTest -->
