<?xml version="1.0" encoding="UTF-8"?>
<!-- Generated by org.testng.reporters.JUnitReportReporter -->
<testsuite hostname="DESKTOP-48ME6A4" failures="0" tests="1" name="testcases.HomePageTest" time="8.074" errors="0" timestamp="28 Jul 2024 16:14:40 GMT" skipped="0">
  <testcase classname="testcases.HomePageTest" name="TC03_SomeName" time="8.074"/>
</testsuite> <!-- testcases.HomePageTest -->
