<?xml version="1.0" encoding="UTF-8"?>
<!-- Generated by org.testng.reporters.JUnitReportReporter -->
<testsuite hostname="DESKTOP-48ME6A4" failures="0" tests="1" name="testcases.HomePageTest" time="14.946" errors="0" timestamp="06 Oct 2024 14:11:12 GMT" skipped="0">
  <testcase classname="testcases.HomePageTest" name="TC03_SomeName" time="14.946"/>
</testsuite> <!-- testcases.HomePageTest -->
