<?xml version="1.0" encoding="UTF-8"?>
<!-- Generated by org.testng.reporters.JUnitReportReporter -->
<testsuite hostname="DESKTOP-48ME6A4" failures="0" tests="1" name="testcases.HomePageTest" time="8.266" errors="0" timestamp="06 Oct 2024 15:28:55 GMT" skipped="0">
  <testcase classname="testcases.HomePageTest" name="TC03_SomeName" time="8.266"/>
</testsuite> <!-- testcases.HomePageTest -->
