<?xml version="1.0" encoding="UTF-8"?>
<!-- Generated by org.testng.reporters.JUnitReportReporter -->
<testsuite hostname="DESKTOP-48ME6A4" failures="0" tests="2" name="testcases.LoginTest" time="66.806" errors="0" timestamp="09 Nov 2024 16:09:55 GMT" skipped="0">
  <testcase classname="testcases.LoginTest" name="TC02_LoginSuccessTest" time="37.820"/>
  <testcase classname="testcases.LoginTest" name="TC01_LoginFailureTest" time="28.986"/>
</testsuite> <!-- testcases.LoginTest -->
