<?xml version="1.0" encoding="UTF-8"?>
<!-- Generated by org.testng.reporters.JUnitReportReporter -->
<testsuite hostname="DESKTOP-48ME6A4" failures="0" tests="2" name="testcases.LoginTest" time="52.752" errors="0" timestamp="06 Oct 2024 16:48:24 GMT" skipped="0">
  <testcase classname="testcases.LoginTest" name="TC02_LoginSuccessTest" time="28.802"/>
  <testcase classname="testcases.LoginTest" name="TC01_LoginFailureTest" time="23.950"/>
</testsuite> <!-- testcases.LoginTest -->
